# JRE version: Java(TM) SE Runtime Environment (8.0_60-b27) (build 1.8.0_60-b27)
# Java VM: Java HotSpot(TM) 64-Bit Server VM (25.60-b23 mixed mode windows-amd64 compressed oops)
Heap:
 PSYoungGen      total 539648K, used 43690K [0x00000000d5d00000, 0x0000000100000000, 0x0000000100000000)
  eden space 528384K, 8% used [0x00000000d5d00000,0x00000000d87aaba0,0x00000000f6100000)
  from space 11264K, 0% used [0x00000000ff500000,0x00000000ff500000,0x0000000100000000)
  to   space 81408K, 0% used [0x00000000f6100000,0x00000000f6100000,0x00000000fb080000)
 ParOldGen       total 329216K, used 200370K [0x0000000081600000, 0x0000000095780000, 0x00000000d5d00000)
  object space 329216K, 60% used [0x0000000081600000,0x000000008d9ac8e8,0x0000000095780000)
 Metaspace       used 15940K, capacity 16146K, committed 16384K, reserved 1064960K
  class space    used 1641K, capacity 1729K, committed 1792K, reserved 1048576K
GC Heap History (10 events):
Event: 3.862 GC heap before
{Heap before GC invocations=11 (full 0):
 PSYoungGen      total 429568K, used 428667K [0x00000000d5d00000, 0x00000000f0780000, 0x0000000100000000)
  eden space 423936K, 100% used [0x00000000d5d00000,0x00000000efb00000,0x00000000efb00000)
  from space 5632K, 84% used [0x00000000f0100000,0x00000000f059ecb0,0x00000000f0680000)
  to   space 6144K, 0% used [0x00000000efb00000,0x00000000efb00000,0x00000000f0100000)
 ParOldGen       total 87552K, used 6414K [0x0000000081600000, 0x0000000086b80000, 0x00000000d5d00000)
  object space 87552K, 7% used [0x0000000081600000,0x0000000081c43b00,0x0000000086b80000)
 Metaspace       used 7709K, capacity 7876K, committed 8192K, reserved 1056768K
  class space    used 845K, capacity 898K, committed 1024K, reserved 1048576K
Event: 3.898 GC heap after
Heap after GC invocations=11 (full 0):
 PSYoungGen      total 430080K, used 6118K [0x00000000d5d00000, 0x0000000100000000, 0x0000000100000000)
  eden space 423936K, 0% used [0x00000000d5d00000,0x00000000d5d00000,0x00000000efb00000)
  from space 6144K, 99% used [0x00000000efb00000,0x00000000f00f9858,0x00000000f0100000)
  to   space 10752K, 0% used [0x00000000ff580000,0x00000000ff580000,0x0000000100000000)
 ParOldGen       total 87552K, used 17838K [0x0000000081600000, 0x0000000086b80000, 0x00000000d5d00000)
  object space 87552K, 20% used [0x0000000081600000,0x000000008276b800,0x0000000086b80000)
 Metaspace       used 7709K, capacity 7876K, committed 8192K, reserved 1056768K
  class space    used 845K, capacity 898K, committed 1024K, reserved 1048576K
}
Event: 4.184 GC heap before
{Heap before GC invocations=12 (full 0):
 PSYoungGen      total 430080K, used 430054K [0x00000000d5d00000, 0x0000000100000000, 0x0000000100000000)
  eden space 423936K, 100% used [0x00000000d5d00000,0x00000000efb00000,0x00000000efb00000)
  from space 6144K, 99% used [0x00000000efb00000,0x00000000f00f9858,0x00000000f0100000)
  to   space 10752K, 0% used [0x00000000ff580000,0x00000000ff580000,0x0000000100000000)
 ParOldGen       total 87552K, used 17838K [0x0000000081600000, 0x0000000086b80000, 0x00000000d5d00000)
  object space 87552K, 20% used [0x0000000081600000,0x000000008276b800,0x0000000086b80000)
 Metaspace       used 7709K, capacity 7876K, committed 8192K, reserved 1056768K
  class space    used 845K, capacity 898K, committed 1024K, reserved 1048576K
Event: 4.209 GC heap after
Heap after GC invocations=12 (full 0):
 PSYoungGen      total 679424K, used 7293K [0x00000000d5d00000, 0x0000000100000000, 0x0000000100000000)
  eden space 668672K, 0% used [0x00000000d5d00000,0x00000000d5d00000,0x00000000fea00000)
  from space 10752K, 67% used [0x00000000ff580000,0x00000000ffc9f450,0x0000000100000000)
  to   space 11264K, 0% used [0x00000000fea00000,0x00000000fea00000,0x00000000ff500000)
 ParOldGen       total 87552K, used 22557K [0x0000000081600000, 0x0000000086b80000, 0x00000000d5d00000)
  object space 87552K, 25% used [0x0000000081600000,0x0000000082c07500,0x0000000086b80000)
 Metaspace       used 7709K, capacity 7876K, committed 8192K, reserved 1056768K
  class space    used 845K, capacity 898K, committed 1024K, reserved 1048576K
}
Event: 4.783 GC heap before
{Heap before GC invocations=13 (full 0):
 PSYoungGen      total 679424K, used 675965K [0x00000000d5d00000, 0x0000000100000000, 0x0000000100000000)
  eden space 668672K, 100% used [0x00000000d5d00000,0x00000000fea00000,0x00000000fea00000)
  from space 10752K, 67% used [0x00000000ff580000,0x00000000ffc9f450,0x0000000100000000)
  to   space 11264K, 0% used [0x00000000fea00000,0x00000000fea00000,0x00000000ff500000)
 ParOldGen       total 87552K, used 22557K [0x0000000081600000, 0x0000000086b80000, 0x00000000d5d00000)
  object space 87552K, 25% used [0x0000000081600000,0x0000000082c07500,0x0000000086b80000)
 Metaspace       used 7709K, capacity 7876K, committed 8192K, reserved 1056768K
  class space    used 845K, capacity 898K, committed 1024K, reserved 1048576K
Event: 4.845 GC heap after
Heap after GC invocations=13 (full 0):
 PSYoungGen      total 679936K, used 11242K [0x00000000d5d00000, 0x0000000100000000, 0x0000000100000000)
  eden space 668672K, 0% used [0x00000000d5d00000,0x00000000d5d00000,0x00000000fea00000)
  from space 11264K, 99% used [0x00000000fea00000,0x00000000ff4fab68,0x00000000ff500000)
  to   space 11264K, 0% used [0x00000000ff500000,0x00000000ff500000,0x0000000100000000)
 ParOldGen       total 87552K, used 36397K [0x0000000081600000, 0x0000000086b80000, 0x00000000d5d00000)
  object space 87552K, 41% used [0x0000000081600000,0x000000008398b4b8,0x0000000086b80000)
 Metaspace       used 7709K, capacity 7876K, committed 8192K, reserved 1056768K
  class space    used 845K, capacity 898K, committed 1024K, reserved 1048576K
}
Event: 7.074 GC heap before
{Heap before GC invocations=14 (full 0):
 PSYoungGen      total 679936K, used 679914K [0x00000000d5d00000, 0x0000000100000000, 0x0000000100000000)
  eden space 668672K, 100% used [0x00000000d5d00000,0x00000000fea00000,0x00000000fea00000)
  from space 11264K, 99% used [0x00000000fea00000,0x00000000ff4fab68,0x00000000ff500000)
  to   space 11264K, 0% used [0x00000000ff500000,0x00000000ff500000,0x0000000100000000)
 ParOldGen       total 87552K, used 36397K [0x0000000081600000, 0x0000000086b80000, 0x00000000d5d00000)
  object space 87552K, 41% used [0x0000000081600000,0x000000008398b4b8,0x0000000086b80000)
 Metaspace       used 15930K, capacity 16146K, committed 16384K, reserved 1064960K
  class space    used 1641K, capacity 1729K, committed 1792K, reserved 1048576K
Event: 7.157 GC heap after
Heap after GC invocations=14 (full 0):
 PSYoungGen      total 539648K, used 11255K [0x00000000d5d00000, 0x0000000100000000, 0x0000000100000000)
  eden space 528384K, 0% used [0x00000000d5d00000,0x00000000d5d00000,0x00000000f6100000)
  from space 11264K, 99% used [0x00000000ff500000,0x00000000ffffdeb8,0x0000000100000000)
  to   space 81408K, 0% used [0x00000000f6100000,0x00000000f6100000,0x00000000fb080000)
 ParOldGen       total 206336K, used 205832K [0x0000000081600000, 0x000000008df80000, 0x00000000d5d00000)
  object space 206336K, 99% used [0x0000000081600000,0x000000008df02030,0x000000008df80000)
 Metaspace       used 15930K, capacity 16146K, committed 16384K, reserved 1064960K
  class space    used 1641K, capacity 1729K, committed 1792K, reserved 1048576K
}
Event: 7.157 GC heap before
{Heap before GC invocations=15 (full 1):
 PSYoungGen      total 539648K, used 11255K [0x00000000d5d00000, 0x0000000100000000, 0x0000000100000000)
  eden space 528384K, 0% used [0x00000000d5d00000,0x00000000d5d00000,0x00000000f6100000)
  from space 11264K, 99% used [0x00000000ff500000,0x00000000ffffdeb8,0x0000000100000000)
  to   space 81408K, 0% used [0x00000000f6100000,0x00000000f6100000,0x00000000fb080000)
 ParOldGen       total 206336K, used 205832K [0x0000000081600000, 0x000000008df80000, 0x00000000d5d00000)
  object space 206336K, 99% used [0x0000000081600000,0x000000008df02030,0x000000008df80000)
 Metaspace       used 15930K, capacity 16146K, committed 16384K, reserved 1064960K
  class space    used 1641K, capacity 1729K, committed 1792K, reserved 1048576K
Event: 8.589 GC heap after
Heap after GC invocations=15 (full 1):
 PSYoungGen      total 539648K, used 0K [0x00000000d5d00000, 0x0000000100000000, 0x0000000100000000)
  eden space 528384K, 0% used [0x00000000d5d00000,0x00000000d5d00000,0x00000000f6100000)
  from space 11264K, 0% used [0x00000000ff500000,0x00000000ff500000,0x0000000100000000)
  to   space 81408K, 0% used [0x00000000f6100000,0x00000000f6100000,0x00000000fb080000)
 ParOldGen       total 329216K, used 200370K [0x0000000081600000, 0x0000000095780000, 0x00000000d5d00000)
  object space 329216K, 60% used [0x0000000081600000,0x000000008d9ac8e8,0x0000000095780000)
 Metaspace       used 15930K, capacity 16146K, committed 16384K, reserved 1064960K
  class space    used 1641K, capacity 1729K, committed 1792K, reserved 1048576K
}

