# JRE version: Java(TM) SE Runtime Environment (8.0_60-b27) (build 1.8.0_60-b27)
# Java VM: Java HotSpot(TM) 64-Bit Server VM (25.60-b23 mixed mode windows-amd64 compressed oops)
Heap:
 PSYoungGen      total 677888K, used 57128K [0x00000000d5d00000, 0x0000000100000000, 0x0000000100000000)
  eden space 664576K, 8% used [0x00000000d5d00000,0x00000000d94ca088,0x00000000fe600000)
  from space 13312K, 0% used [0x00000000fe600000,0x00000000fe600000,0x00000000ff300000)
  to   space 13312K, 0% used [0x00000000ff300000,0x00000000ff300000,0x0000000100000000)
 ParOldGen       total 269312K, used 200365K [0x0000000081600000, 0x0000000091d00000, 0x00000000d5d00000)
  object space 269312K, 74% used [0x0000000081600000,0x000000008d9ab6d8,0x0000000091d00000)
 Metaspace       used 15915K, capacity 16082K, committed 16384K, reserved 1064960K
  class space    used 1633K, capacity 1729K, committed 1792K, reserved 1048576K
GC Heap History (10 events):
Event: 2.166 GC heap before
{Heap before GC invocations=11 (full 0):
 PSYoungGen      total 429056K, used 427554K [0x00000000d5d00000, 0x00000000f0700000, 0x0000000100000000)
  eden space 423424K, 99% used [0x00000000d5d00000,0x00000000ef979bc8,0x00000000efa80000)
  from space 5632K, 91% used [0x00000000f0080000,0x00000000f058ecb0,0x00000000f0600000)
  to   space 6144K, 0% used [0x00000000efa80000,0x00000000efa80000,0x00000000f0080000)
 ParOldGen       total 87552K, used 5926K [0x0000000081600000, 0x0000000086b80000, 0x00000000d5d00000)
  object space 87552K, 6% used [0x0000000081600000,0x0000000081bc9b00,0x0000000086b80000)
 Metaspace       used 7708K, capacity 7876K, committed 8192K, reserved 1056768K
  class space    used 845K, capacity 898K, committed 1024K, reserved 1048576K
Event: 2.189 GC heap after
Heap after GC invocations=11 (full 0):
 PSYoungGen      total 429568K, used 6118K [0x00000000d5d00000, 0x0000000100000000, 0x0000000100000000)
  eden space 423424K, 0% used [0x00000000d5d00000,0x00000000d5d00000,0x00000000efa80000)
  from space 6144K, 99% used [0x00000000efa80000,0x00000000f0079988,0x00000000f0080000)
  to   space 11776K, 0% used [0x00000000ff480000,0x00000000ff480000,0x0000000100000000)
 ParOldGen       total 87552K, used 18860K [0x0000000081600000, 0x0000000086b80000, 0x00000000d5d00000)
  object space 87552K, 21% used [0x0000000081600000,0x000000008286b358,0x0000000086b80000)
 Metaspace       used 7708K, capacity 7876K, committed 8192K, reserved 1056768K
  class space    used 845K, capacity 898K, committed 1024K, reserved 1048576K
}
Event: 2.507 GC heap before
{Heap before GC invocations=12 (full 0):
 PSYoungGen      total 429568K, used 429542K [0x00000000d5d00000, 0x0000000100000000, 0x0000000100000000)
  eden space 423424K, 100% used [0x00000000d5d00000,0x00000000efa80000,0x00000000efa80000)
  from space 6144K, 99% used [0x00000000efa80000,0x00000000f0079988,0x00000000f0080000)
  to   space 11776K, 0% used [0x00000000ff480000,0x00000000ff480000,0x0000000100000000)
 ParOldGen       total 87552K, used 18860K [0x0000000081600000, 0x0000000086b80000, 0x00000000d5d00000)
  object space 87552K, 21% used [0x0000000081600000,0x000000008286b358,0x0000000086b80000)
 Metaspace       used 7708K, capacity 7876K, committed 8192K, reserved 1056768K
  class space    used 845K, capacity 898K, committed 1024K, reserved 1048576K
Event: 2.523 GC heap after
Heap after GC invocations=12 (full 0):
 PSYoungGen      total 676352K, used 10458K [0x00000000d5d00000, 0x0000000100000000, 0x0000000100000000)
  eden space 664576K, 0% used [0x00000000d5d00000,0x00000000d5d00000,0x00000000fe600000)
  from space 11776K, 88% used [0x00000000ff480000,0x00000000ffeb69b8,0x0000000100000000)
  to   space 13312K, 0% used [0x00000000fe600000,0x00000000fe600000,0x00000000ff300000)
 ParOldGen       total 87552K, used 20766K [0x0000000081600000, 0x0000000086b80000, 0x00000000d5d00000)
  object space 87552K, 23% used [0x0000000081600000,0x0000000082a47af0,0x0000000086b80000)
 Metaspace       used 7708K, capacity 7876K, committed 8192K, reserved 1056768K
  class space    used 845K, capacity 898K, committed 1024K, reserved 1048576K
}
Event: 3.161 GC heap before
{Heap before GC invocations=13 (full 0):
 PSYoungGen      total 676352K, used 675034K [0x00000000d5d00000, 0x0000000100000000, 0x0000000100000000)
  eden space 664576K, 100% used [0x00000000d5d00000,0x00000000fe600000,0x00000000fe600000)
  from space 11776K, 88% used [0x00000000ff480000,0x00000000ffeb69b8,0x0000000100000000)
  to   space 13312K, 0% used [0x00000000fe600000,0x00000000fe600000,0x00000000ff300000)
 ParOldGen       total 87552K, used 20766K [0x0000000081600000, 0x0000000086b80000, 0x00000000d5d00000)
  object space 87552K, 23% used [0x0000000081600000,0x0000000082a47af0,0x0000000086b80000)
 Metaspace       used 7708K, capacity 7876K, committed 8192K, reserved 1056768K
  class space    used 845K, capacity 898K, committed 1024K, reserved 1048576K
Event: 3.193 GC heap after
Heap after GC invocations=13 (full 0):
 PSYoungGen      total 677888K, used 13304K [0x00000000d5d00000, 0x0000000100000000, 0x0000000100000000)
  eden space 664576K, 0% used [0x00000000d5d00000,0x00000000d5d00000,0x00000000fe600000)
  from space 13312K, 99% used [0x00000000fe600000,0x00000000ff2fe020,0x00000000ff300000)
  to   space 13312K, 0% used [0x00000000ff300000,0x00000000ff300000,0x0000000100000000)
 ParOldGen       total 87552K, used 32457K [0x0000000081600000, 0x0000000086b80000, 0x00000000d5d00000)
  object space 87552K, 37% used [0x0000000081600000,0x00000000835b25f0,0x0000000086b80000)
 Metaspace       used 7708K, capacity 7876K, committed 8192K, reserved 1056768K
  class space    used 845K, capacity 898K, committed 1024K, reserved 1048576K
}
Event: 5.760 GC heap before
{Heap before GC invocations=14 (full 0):
 PSYoungGen      total 677888K, used 677880K [0x00000000d5d00000, 0x0000000100000000, 0x0000000100000000)
  eden space 664576K, 100% used [0x00000000d5d00000,0x00000000fe600000,0x00000000fe600000)
  from space 13312K, 99% used [0x00000000fe600000,0x00000000ff2fe020,0x00000000ff300000)
  to   space 13312K, 0% used [0x00000000ff300000,0x00000000ff300000,0x0000000100000000)
 ParOldGen       total 87552K, used 32457K [0x0000000081600000, 0x0000000086b80000, 0x00000000d5d00000)
  object space 87552K, 37% used [0x0000000081600000,0x00000000835b25f0,0x0000000086b80000)
 Metaspace       used 15905K, capacity 16082K, committed 16384K, reserved 1064960K
  class space    used 1632K, capacity 1729K, committed 1792K, reserved 1048576K
Event: 6.539 GC heap after
Heap after GC invocations=14 (full 0):
 PSYoungGen      total 677888K, used 677880K [0x00000000d5d00000, 0x0000000100000000, 0x0000000100000000)
  eden space 664576K, 100% used [0x00000000d5d00000,0x00000000fe600000,0x00000000fe600000)
  from space 13312K, 99% used [0x00000000fe600000,0x00000000ff2fe020,0x00000000ff300000)
  to   space 13312K, 99% used [0x00000000ff300000,0x00000000ffffc990,0x0000000100000000)
 ParOldGen       total 226816K, used 226586K [0x0000000081600000, 0x000000008f380000, 0x00000000d5d00000)
  object space 226816K, 99% used [0x0000000081600000,0x000000008f346998,0x000000008f380000)
 Metaspace       used 15905K, capacity 16082K, committed 16384K, reserved 1064960K
  class space    used 1632K, capacity 1729K, committed 1792K, reserved 1048576K
}
Event: 6.539 GC heap before
{Heap before GC invocations=15 (full 1):
 PSYoungGen      total 677888K, used 677880K [0x00000000d5d00000, 0x0000000100000000, 0x0000000100000000)
  eden space 664576K, 100% used [0x00000000d5d00000,0x00000000fe600000,0x00000000fe600000)
  from space 13312K, 99% used [0x00000000fe600000,0x00000000ff2fe020,0x00000000ff300000)
  to   space 13312K, 99% used [0x00000000ff300000,0x00000000ffffc990,0x0000000100000000)
 ParOldGen       total 226816K, used 226586K [0x0000000081600000, 0x000000008f380000, 0x00000000d5d00000)
  object space 226816K, 99% used [0x0000000081600000,0x000000008f346998,0x000000008f380000)
 Metaspace       used 15905K, capacity 16082K, committed 16384K, reserved 1064960K
  class space    used 1632K, capacity 1729K, committed 1792K, reserved 1048576K
Event: 9.894 GC heap after
Heap after GC invocations=15 (full 1):
 PSYoungGen      total 677888K, used 0K [0x00000000d5d00000, 0x0000000100000000, 0x0000000100000000)
  eden space 664576K, 0% used [0x00000000d5d00000,0x00000000d5d00000,0x00000000fe600000)
  from space 13312K, 0% used [0x00000000fe600000,0x00000000fe600000,0x00000000ff300000)
  to   space 13312K, 0% used [0x00000000ff300000,0x00000000ff300000,0x0000000100000000)
 ParOldGen       total 269312K, used 200365K [0x0000000081600000, 0x0000000091d00000, 0x00000000d5d00000)
  object space 269312K, 74% used [0x0000000081600000,0x000000008d9ab6d8,0x0000000091d00000)
 Metaspace       used 15905K, capacity 16082K, committed 16384K, reserved 1064960K
  class space    used 1632K, capacity 1729K, committed 1792K, reserved 1048576K
}

