# JRE version: Java(TM) SE Runtime Environment (8.0_60-b27) (build 1.8.0_60-b27)
# Java VM: Java HotSpot(TM) 64-Bit Server VM (25.60-b23 mixed mode windows-amd64 compressed oops)
Heap:
 PSYoungGen      total 547328K, used 47749K [0x00000000d5d00000, 0x0000000100000000, 0x0000000100000000)
  eden space 535552K, 8% used [0x00000000d5d00000,0x00000000d8ba1798,0x00000000f6800000)
  from space 11776K, 0% used [0x00000000ff480000,0x00000000ff480000,0x0000000100000000)
  to   space 77824K, 0% used [0x00000000f6800000,0x00000000f6800000,0x00000000fb400000)
 ParOldGen       total 334336K, used 200365K [0x0000000081600000, 0x0000000095c80000, 0x00000000d5d00000)
  object space 334336K, 59% used [0x0000000081600000,0x000000008d9ab528,0x0000000095c80000)
 Metaspace       used 15918K, capacity 16082K, committed 16384K, reserved 1064960K
  class space    used 1629K, capacity 1729K, committed 1792K, reserved 1048576K
GC Heap History (10 events):
Event: 2.730 GC heap before
{Heap before GC invocations=11 (full 0):
 PSYoungGen      total 429056K, used 428571K [0x00000000d5d00000, 0x00000000f0700000, 0x0000000100000000)
  eden space 423424K, 100% used [0x00000000d5d00000,0x00000000efa80000,0x00000000efa80000)
  from space 5632K, 91% used [0x00000000f0080000,0x00000000f0586cb0,0x00000000f0600000)
  to   space 6144K, 0% used [0x00000000efa80000,0x00000000efa80000,0x00000000f0080000)
 ParOldGen       total 87552K, used 5910K [0x0000000081600000, 0x0000000086b80000, 0x00000000d5d00000)
  object space 87552K, 6% used [0x0000000081600000,0x0000000081bc5b00,0x0000000086b80000)
 Metaspace       used 7714K, capacity 7876K, committed 8192K, reserved 1056768K
  class space    used 845K, capacity 898K, committed 1024K, reserved 1048576K
Event: 2.757 GC heap after
Heap after GC invocations=11 (full 0):
 PSYoungGen      total 429568K, used 6119K [0x00000000d5d00000, 0x0000000100000000, 0x0000000100000000)
  eden space 423424K, 0% used [0x00000000d5d00000,0x00000000d5d00000,0x00000000efa80000)
  from space 6144K, 99% used [0x00000000efa80000,0x00000000f0079d00,0x00000000f0080000)
  to   space 11264K, 0% used [0x00000000ff500000,0x00000000ff500000,0x0000000100000000)
 ParOldGen       total 87552K, used 17812K [0x0000000081600000, 0x0000000086b80000, 0x00000000d5d00000)
  object space 87552K, 20% used [0x0000000081600000,0x0000000082765358,0x0000000086b80000)
 Metaspace       used 7714K, capacity 7876K, committed 8192K, reserved 1056768K
  class space    used 845K, capacity 898K, committed 1024K, reserved 1048576K
}
Event: 2.952 GC heap before
{Heap before GC invocations=12 (full 0):
 PSYoungGen      total 429568K, used 429543K [0x00000000d5d00000, 0x0000000100000000, 0x0000000100000000)
  eden space 423424K, 100% used [0x00000000d5d00000,0x00000000efa80000,0x00000000efa80000)
  from space 6144K, 99% used [0x00000000efa80000,0x00000000f0079d00,0x00000000f0080000)
  to   space 11264K, 0% used [0x00000000ff500000,0x00000000ff500000,0x0000000100000000)
 ParOldGen       total 87552K, used 17812K [0x0000000081600000, 0x0000000086b80000, 0x00000000d5d00000)
  object space 87552K, 20% used [0x0000000081600000,0x0000000082765358,0x0000000086b80000)
 Metaspace       used 7714K, capacity 7876K, committed 8192K, reserved 1056768K
  class space    used 845K, capacity 898K, committed 1024K, reserved 1048576K
Event: 2.971 GC heap after
Heap after GC invocations=12 (full 0):
 PSYoungGen      total 678912K, used 7261K [0x00000000d5d00000, 0x0000000100000000, 0x0000000100000000)
  eden space 667648K, 0% used [0x00000000d5d00000,0x00000000d5d00000,0x00000000fe900000)
  from space 11264K, 64% used [0x00000000ff500000,0x00000000ffc17450,0x0000000100000000)
  to   space 11776K, 0% used [0x00000000fe900000,0x00000000fe900000,0x00000000ff480000)
 ParOldGen       total 87552K, used 23956K [0x0000000081600000, 0x0000000086b80000, 0x00000000d5d00000)
  object space 87552K, 27% used [0x0000000081600000,0x0000000082d65058,0x0000000086b80000)
 Metaspace       used 7714K, capacity 7876K, committed 8192K, reserved 1056768K
  class space    used 845K, capacity 898K, committed 1024K, reserved 1048576K
}
Event: 3.415 GC heap before
{Heap before GC invocations=13 (full 0):
 PSYoungGen      total 678912K, used 674909K [0x00000000d5d00000, 0x0000000100000000, 0x0000000100000000)
  eden space 667648K, 100% used [0x00000000d5d00000,0x00000000fe900000,0x00000000fe900000)
  from space 11264K, 64% used [0x00000000ff500000,0x00000000ffc17450,0x0000000100000000)
  to   space 11776K, 0% used [0x00000000fe900000,0x00000000fe900000,0x00000000ff480000)
 ParOldGen       total 87552K, used 23956K [0x0000000081600000, 0x0000000086b80000, 0x00000000d5d00000)
  object space 87552K, 27% used [0x0000000081600000,0x0000000082d65058,0x0000000086b80000)
 Metaspace       used 7714K, capacity 7876K, committed 8192K, reserved 1056768K
  class space    used 845K, capacity 898K, committed 1024K, reserved 1048576K
Event: 3.451 GC heap after
Heap after GC invocations=13 (full 0):
 PSYoungGen      total 679424K, used 11754K [0x00000000d5d00000, 0x0000000100000000, 0x0000000100000000)
  eden space 667648K, 0% used [0x00000000d5d00000,0x00000000d5d00000,0x00000000fe900000)
  from space 11776K, 99% used [0x00000000fe900000,0x00000000ff47ab68,0x00000000ff480000)
  to   space 11776K, 0% used [0x00000000ff480000,0x00000000ff480000,0x0000000100000000)
 ParOldGen       total 87552K, used 37356K [0x0000000081600000, 0x0000000086b80000, 0x00000000d5d00000)
  object space 87552K, 42% used [0x0000000081600000,0x0000000083a7b010,0x0000000086b80000)
 Metaspace       used 7714K, capacity 7876K, committed 8192K, reserved 1056768K
  class space    used 845K, capacity 898K, committed 1024K, reserved 1048576K
}
Event: 5.802 GC heap before
{Heap before GC invocations=14 (full 0):
 PSYoungGen      total 679424K, used 679402K [0x00000000d5d00000, 0x0000000100000000, 0x0000000100000000)
  eden space 667648K, 100% used [0x00000000d5d00000,0x00000000fe900000,0x00000000fe900000)
  from space 11776K, 99% used [0x00000000fe900000,0x00000000ff47ab68,0x00000000ff480000)
  to   space 11776K, 0% used [0x00000000ff480000,0x00000000ff480000,0x0000000100000000)
 ParOldGen       total 87552K, used 37356K [0x0000000081600000, 0x0000000086b80000, 0x00000000d5d00000)
  object space 87552K, 42% used [0x0000000081600000,0x0000000083a7b010,0x0000000086b80000)
 Metaspace       used 15908K, capacity 16082K, committed 16384K, reserved 1064960K
  class space    used 1629K, capacity 1729K, committed 1792K, reserved 1048576K
Event: 5.888 GC heap after
Heap after GC invocations=14 (full 0):
 PSYoungGen      total 547328K, used 11775K [0x00000000d5d00000, 0x0000000100000000, 0x0000000100000000)
  eden space 535552K, 0% used [0x00000000d5d00000,0x00000000d5d00000,0x00000000f6800000)
  from space 11776K, 99% used [0x00000000ff480000,0x00000000ffffff38,0x0000000100000000)
  to   space 77824K, 0% used [0x00000000f6800000,0x00000000f6800000,0x00000000fb400000)
 ParOldGen       total 206848K, used 206747K [0x0000000081600000, 0x000000008e000000, 0x00000000d5d00000)
  object space 206848K, 99% used [0x0000000081600000,0x000000008dfe6c88,0x000000008e000000)
 Metaspace       used 15908K, capacity 16082K, committed 16384K, reserved 1064960K
  class space    used 1629K, capacity 1729K, committed 1792K, reserved 1048576K
}
Event: 5.888 GC heap before
{Heap before GC invocations=15 (full 1):
 PSYoungGen      total 547328K, used 11775K [0x00000000d5d00000, 0x0000000100000000, 0x0000000100000000)
  eden space 535552K, 0% used [0x00000000d5d00000,0x00000000d5d00000,0x00000000f6800000)
  from space 11776K, 99% used [0x00000000ff480000,0x00000000ffffff38,0x0000000100000000)
  to   space 77824K, 0% used [0x00000000f6800000,0x00000000f6800000,0x00000000fb400000)
 ParOldGen       total 206848K, used 206747K [0x0000000081600000, 0x000000008e000000, 0x00000000d5d00000)
  object space 206848K, 99% used [0x0000000081600000,0x000000008dfe6c88,0x000000008e000000)
 Metaspace       used 15908K, capacity 16082K, committed 16384K, reserved 1064960K
  class space    used 1629K, capacity 1729K, committed 1792K, reserved 1048576K
Event: 9.439 GC heap after
Heap after GC invocations=15 (full 1):
 PSYoungGen      total 547328K, used 0K [0x00000000d5d00000, 0x0000000100000000, 0x0000000100000000)
  eden space 535552K, 0% used [0x00000000d5d00000,0x00000000d5d00000,0x00000000f6800000)
  from space 11776K, 0% used [0x00000000ff480000,0x00000000ff480000,0x0000000100000000)
  to   space 77824K, 0% used [0x00000000f6800000,0x00000000f6800000,0x00000000fb400000)
 ParOldGen       total 334336K, used 200365K [0x0000000081600000, 0x0000000095c80000, 0x00000000d5d00000)
  object space 334336K, 59% used [0x0000000081600000,0x000000008d9ab528,0x0000000095c80000)
 Metaspace       used 15908K, capacity 16082K, committed 16384K, reserved 1064960K
  class space    used 1629K, capacity 1729K, committed 1792K, reserved 1048576K
}

